-------------------------------------
Beginning Export of Source Files
CCSEA-Student-Council-Archiving.accdb
VCS Version 4.1.2
Full Path: E:\JepPersonal\School\BSCS - 2nd Year\2nd Sem\InforMan\System Proposal\CCSEA-Student-Council-Archiving.accdb
Export Folder: E:\JepPersonal\School\BSCS - 2nd Year\2nd Sem\InforMan\System Proposal\CCSEA-Student-Council-Archiving.accdb.src\
Performing Full Export
05/04/2026 6:38:11 am
-------------------------------------
Scanning source files...
No db connections found in this database.
No vbe forms found in this database.
No proj properties found in this database.
No saved specs found in this database.
No modules found in this database.
No commandbars found in this database.
No imex specs found in this database.
No queries found in this database.
No macros found in this database.
No reports found in this database.
No table data found in this database.
No table data macros found in this database.
No relations found in this database.
No hidden attributes found in this database.
-------------------------------------
Exporting project...          
  CCSEA-Student-Council-Archiving.accdb
[1]
-------------------------------------
Exporting vb project...       
  CCSEA-Student-Council-Archiving
[1]
-------------------------------------
Exporting vbe references...   
  stdole
[2]
-------------------------------------
Exporting shared images...    
  ERD_ccsea_archiving_Logical
  CCSEA-SC
[2]
-------------------------------------
Exporting themes...           
  Office Theme
[1]
-------------------------------------
Exporting db properties...    
  Database Properties (DAO)
[51]
-------------------------------------
Exporting tables...           
  Approval
  Document
  Document_Request
  Role
  Session Log
  Transaction_History
  User
[7]
-------------------------------------
Exporting forms...            
  LoginF
    Sanitized in 0.014 seconds.
  ManageUsersF
    Sanitized in 0.011 seconds.
[2]
-------------------------------------
Exporting doc properties...   
  Database Documents
[2]
-------------------------------------
Exporting nav pane groups...  
  Groups
[1]
-------------------------------------
Done. (2.34 seconds)

--------------------------------------------------
                PERFORMANCE REPORTS
--------------------------------------------------
Category                      Count     Seconds
--------------------------------------------------
Forms                         2         1.20
Tables                        7         0.31
DB Properties                 51        0.20
Nav Pane Groups               1         0.08
Shared Images                 2         0.07
Doc Properties                2         0.07
VB Project                    1         0.06
Project                       1         0.04
CommandBars                   0         0.04
Themes                        1         0.04
VBE References                2         0.03
DB Connections                0         0.01
Relations                     0         0.01
Hidden Attributes             0         0.01
Proj Properties               0         0.01
IMEX Specs                    0         0.00
Table Data Macros             0         0.00
Table Data                    0         0.00
VBE Forms                     0         0.00
Queries                       0         0.00
Saved Specs                   0         0.00
Macros                        0         0.00
Reports                       0         0.00
Modules                       0         0.00
--------------------------------------------------
TOTALS:                       70        2.19
--------------------------------------------------

--------------------------------------------------
Operations                    Count     Seconds
--------------------------------------------------
Convert to JSON               614       0.34
Increment Progress            36        0.28
Scan DB Objects               1         0.14
Read File Bytes               3         0.07
Console Updates               3         0.07
App.SaveAsText()              2         0.05
Write File                    18        0.04
Sanitize File                 2         0.03
Get Modified Date             46        0.02
Get File Property Hash        18        0.01
Compute SHA256                55        0.01
Read File DevMode             2         0.01
Quick Count Objects           1         0.01
modFileAccess.VerifyPath      23        0.01
Quick Count Files             1         0.01
Check for linked table        7         0.00
Write Binary File             2         0.00
Delete File                   3         0.00
Close Open Objects            1         0.00
Read File                     2         0.00
Get VBA Hash                  2         0.00
modFileAccess.GetUncPath      16        0.00
Export Theme                  1         0.00
Clear Files by Ext            6         0.00
Sanitize VBA Code             1         0.00
--------------------------------------------------
Other Operations                        1.23
--------------------------------------------------


